[debug] [2025-05-01T06:43:16.696Z] ----------------------------------------------------------------------
[debug] [2025-05-01T06:43:16.698Z] Command:       C:\Program Files\nodejs\node.exe C:\Users\ajayd\AppData\Roaming\npm\node_modules\firebase-tools\lib\bin\firebase.js init
[debug] [2025-05-01T06:43:16.698Z] CLI Version:   14.2.2
[debug] [2025-05-01T06:43:16.698Z] Platform:      win32
[debug] [2025-05-01T06:43:16.698Z] Node Version:  v22.13.1
[debug] [2025-05-01T06:43:16.699Z] Time:          Thu May 01 2025 12:13:16 GMT+0530 (India Standard Time)
[debug] [2025-05-01T06:43:16.699Z] ----------------------------------------------------------------------
[debug] 
[debug] [2025-05-01T06:43:16.704Z] > command requires scopes: ["email","openid","https://www.googleapis.com/auth/cloudplatformprojects.readonly","https://www.googleapis.com/auth/firebase","https://www.googleapis.com/auth/cloud-platform"]
[debug] [2025-05-01T06:43:16.704Z] > authorizing via signed-in user (ajaydevarakonda150@gmail.com)
[info] 
     ######## #### ########  ######## ########     ###     ######  ########
     ##        ##  ##     ## ##       ##     ##  ##   ##  ##       ##
     ######    ##  ########  ######   ########  #########  ######  ######
     ##        ##  ##    ##  ##       ##     ## ##     ##       ## ##
     ##       #### ##     ## ######## ########  ##     ##  ######  ########

You're about to initialize a Firebase project in this directory:

  C:\Users\ajayd\Desktop\next\insta

[info] 
=== Project Setup
[info] 
[info] First, let's associate this project directory with a Firebase project.
[info] You can create multiple project aliases by running firebase use --add, 
[info] but for now we'll just set up a default project.
[info] 
[info] i  If you want to create a project in a Google Cloud organization or folder, please use "firebase projects:create" instead, and return to this command when you've created the project. 
[debug] [2025-05-01T06:47:32.340Z] Checked if tokens are valid: true, expires at: 1746085361287
[debug] [2025-05-01T06:47:32.340Z] Checked if tokens are valid: true, expires at: 1746085361287
[debug] [2025-05-01T06:47:32.341Z] >>> [apiv2][query] POST https://cloudresourcemanager.googleapis.com/v1/projects [none]
[debug] [2025-05-01T06:47:32.341Z] >>> [apiv2][body] POST https://cloudresourcemanager.googleapis.com/v1/projects {"projectId":"snap_thoughts","name":"snap_thoughts"}
[debug] [2025-05-01T06:47:34.192Z] <<< [apiv2][status] POST https://cloudresourcemanager.googleapis.com/v1/projects 400
[debug] [2025-05-01T06:47:34.192Z] <<< [apiv2][body] POST https://cloudresourcemanager.googleapis.com/v1/projects {"error":{"code":400,"message":"Request contains an invalid argument.","status":"INVALID_ARGUMENT","details":[{"@type":"type.googleapis.com/google.rpc.BadRequest","fieldViolations":[{"field":"project_id","description":"project_id contains invalid characters"},{"field":"display_name","description":"project display name contains invalid characters"}]},{"@type":"type.googleapis.com/google.rpc.Help","links":[{"url":"https://cloud.google.com/resource-manager/reference/rest/v1/projects"}]}]}}
[debug] [2025-05-01T06:47:34.464Z] FirebaseError: Request to https://cloudresourcemanager.googleapis.com/v1/projects had HTTP Error: 400, Request contains an invalid argument.
    at responseToError (C:\Users\ajayd\AppData\Roaming\npm\node_modules\firebase-tools\lib\responseToError.js:52:12)
    at RetryOperation._fn (C:\Users\ajayd\AppData\Roaming\npm\node_modules\firebase-tools\lib\apiv2.js:312:77)
    at process.processTicksAndRejections (node:internal/process/task_queues:105:5)
[error] 
[error] Error: Failed to create project. See firebase-debug.log for more info.
